<?xml version="1.0" encoding="UTF-8"?>
<testsuite xmlns:xsi="http://www.w3.org/2001/XMLSchema-instance" xsi:noNamespaceSchemaLocation="https://maven.apache.org/surefire/maven-surefire-plugin/xsd/surefire-test-report-3.0.xsd" version="3.0" name="musicals.OrderManagerTest" time="0.041" tests="6" errors="0" skipped="0" failures="0">
  <properties>
    <property name="java.specification.version" value="17"/>
    <property name="sun.jnu.encoding" value="UTF-8"/>
    <property name="java.class.path" value="/Users/trimzbeatz/Desktop/demo-projects/musical-list/stepFour/target/test-classes:/Users/trimzbeatz/Desktop/demo-projects/musical-list/stepFour/target/classes:/Users/trimzbeatz/.m2/repository/junit/junit/4.13.2/junit-4.13.2.jar:/Users/trimzbeatz/.m2/repository/org/hamcrest/hamcrest-core/1.3/hamcrest-core-1.3.jar:"/>
    <property name="java.vm.vendor" value="Eclipse Adoptium"/>
    <property name="sun.arch.data.model" value="64"/>
    <property name="java.vendor.url" value="https://adoptium.net/"/>
    <property name="os.name" value="Mac OS X"/>
    <property name="java.vm.specification.version" value="17"/>
    <property name="sun.java.launcher" value="SUN_STANDARD"/>
    <property name="user.country" value="GB"/>
    <property name="sun.boot.library.path" value="/Library/Java/JavaVirtualMachines/temurin-17.jdk/Contents/Home/lib"/>
    <property name="sun.java.command" value="/Users/trimzbeatz/Desktop/demo-projects/musical-list/stepFour/target/surefire/surefirebooter-20241119192527529_3.jar /Users/trimzbeatz/Desktop/demo-projects/musical-list/stepFour/target/surefire 2024-11-19T19-25-27_445-jvmRun1 surefire-20241119192527529_1tmp surefire_0-20241119192527529_2tmp"/>
    <property name="http.nonProxyHosts" value="local|*.local|169.254/16|*.169.254/16"/>
    <property name="jdk.debug" value="release"/>
    <property name="surefire.test.class.path" value="/Users/trimzbeatz/Desktop/demo-projects/musical-list/stepFour/target/test-classes:/Users/trimzbeatz/Desktop/demo-projects/musical-list/stepFour/target/classes:/Users/trimzbeatz/.m2/repository/junit/junit/4.13.2/junit-4.13.2.jar:/Users/trimzbeatz/.m2/repository/org/hamcrest/hamcrest-core/1.3/hamcrest-core-1.3.jar:"/>
    <property name="sun.cpu.endian" value="little"/>
    <property name="user.home" value="/Users/trimzbeatz"/>
    <property name="user.language" value="en"/>
    <property name="java.specification.vendor" value="Oracle Corporation"/>
    <property name="java.version.date" value="2022-08-12"/>
    <property name="java.home" value="/Library/Java/JavaVirtualMachines/temurin-17.jdk/Contents/Home"/>
    <property name="file.separator" value="/"/>
    <property name="basedir" value="/Users/trimzbeatz/Desktop/demo-projects/musical-list/stepFour"/>
    <property name="java.vm.compressedOopsMode" value="Zero based"/>
    <property name="line.separator" value="&#10;"/>
    <property name="java.vm.specification.vendor" value="Oracle Corporation"/>
    <property name="java.specification.name" value="Java Platform API Specification"/>
    <property name="surefire.real.class.path" value="/Users/trimzbeatz/Desktop/demo-projects/musical-list/stepFour/target/surefire/surefirebooter-20241119192527529_3.jar"/>
    <property name="sun.management.compiler" value="HotSpot 64-Bit Tiered Compilers"/>
    <property name="ftp.nonProxyHosts" value="local|*.local|169.254/16|*.169.254/16"/>
    <property name="java.runtime.version" value="17.0.4.1+1"/>
    <property name="user.name" value="trimzbeatz"/>
    <property name="path.separator" value=":"/>
    <property name="os.version" value="14.5"/>
    <property name="java.runtime.name" value="OpenJDK Runtime Environment"/>
    <property name="file.encoding" value="UTF-8"/>
    <property name="java.vm.name" value="OpenJDK 64-Bit Server VM"/>
    <property name="java.vendor.version" value="Temurin-17.0.4.1+1"/>
    <property name="localRepository" value="/Users/trimzbeatz/.m2/repository"/>
    <property name="java.vendor.url.bug" value="https://github.com/adoptium/adoptium-support/issues"/>
    <property name="java.io.tmpdir" value="/var/folders/94/kxd1_pl56qg6p0bgc70n_dfh0000gn/T/"/>
    <property name="idea.version" value="2024.1.1"/>
    <property name="java.version" value="17.0.4.1"/>
    <property name="user.dir" value="/Users/trimzbeatz/Desktop/demo-projects/musical-list/stepFour"/>
    <property name="os.arch" value="x86_64"/>
    <property name="java.vm.specification.name" value="Java Virtual Machine Specification"/>
    <property name="native.encoding" value="UTF-8"/>
    <property name="java.library.path" value="/Users/trimzbeatz/Library/Java/Extensions:/Library/Java/Extensions:/Network/Library/Java/Extensions:/System/Library/Java/Extensions:/usr/lib/java:."/>
    <property name="java.vm.info" value="mixed mode, sharing"/>
    <property name="java.vendor" value="Eclipse Adoptium"/>
    <property name="java.vm.version" value="17.0.4.1+1"/>
    <property name="sun.io.unicode.encoding" value="UnicodeBig"/>
    <property name="socksNonProxyHosts" value="local|*.local|169.254/16|*.169.254/16"/>
    <property name="java.class.version" value="61.0"/>
  </properties>
  <testcase name="testSetBookingDetailsWithNullValues" classname="musicals.OrderManagerTest" time="0.003"/>
  <testcase name="testClearOrder" classname="musicals.OrderManagerTest" time="0.0"/>
  <testcase name="testSetSelectedMusical" classname="musicals.OrderManagerTest" time="0.0"/>
  <testcase name="testSetBookingDetails" classname="musicals.OrderManagerTest" time="0.0"/>
  <testcase name="testInitialState" classname="musicals.OrderManagerTest" time="0.0"/>
  <testcase name="testAddTicket" classname="musicals.OrderManagerTest" time="0.0"/>
</testsuite>